cab.exe
ycal.exe
ycharmap.exe
yclip.exe
yco.exe
ycompact.exe
ycpuinfo.exe
cshot.exe
cvtvt.exe
ydf.exe
ydu.exe
yedit.exe
yenv.exe
envdiff.exe
yerr.exe
yget.exe
finfo.exe
grpcmp.exe
yhash.exe
yhelp.exe
hexdump.exe
hilite.exe
iconv.exe
initool.exe
ykill.exe
lines.exe
lsof.exe
ymem.exe
ymore.exe
ymount.exe
nice.exe
osver.exe
procinfo.exe
yps.exe
readline.exe
repl.exe
scut.exe
sdir.exe
setver.exe
ysponge.exe
sync.exe
tail.exe
tee.exe
timethis.exe
touch.exe
vhdtool.exe
which.exe
wininfo.exe
winpos.exe
ydbg.exe
YoriInit.d\Typical.ys1
