yattrib.pdb
cab.pdb
ycal.pdb
ycharmap.pdb
yclip.pdb
yco.pdb
ycompact.pdb
ycpuinfo.pdb
cshot.pdb
cvtvt.pdb
ydf.pdb
ydircase.pdb
ydu.pdb
yedit.pdb
yenv.pdb
envdiff.pdb
yerr.pdb
finfo.pdb
yget.pdb
grpcmp.pdb
yhash.pdb
yhelp.pdb
hexdump.pdb
hilite.pdb
iconv.pdb
initool.pdb
ykill.pdb
lines.pdb
lsof.pdb
ymem.pdb
ymore.pdb
ymount.pdb
nice.pdb
osver.pdb
procinfo.pdb
yps.pdb
readline.pdb
repl.pdb
scut.pdb
sdir.pdb
setver.pdb
slmenu.pdb
ysponge.pdb
sync.pdb
tail.pdb
tee.pdb
timethis.pdb
touch.pdb
vhdtool.pdb
which.pdb
wininfo.pdb
winpos.pdb
ydbg.pdb
